<?xml version="1.0" encoding="UTF-8"?>
<testng-results ignored="0" total="1" passed="1" failed="0" skipped="0">
  <reporter-output>
  </reporter-output>
  <suite started-at="2023-01-18T21:37:11 IST" name="Default suite" finished-at="2023-01-18T21:37:57 IST" duration-ms="45939">
    <groups>
    </groups>
    <test started-at="2023-01-18T21:37:11 IST" name="Default test" finished-at="2023-01-18T21:37:57 IST" duration-ms="45939">
      <class name="sakshingpdemo.Tc_01">
        <test-method is-config="true" signature="openApp()[pri:0, instance:sakshingpdemo.Tc_01@15aab8c6]" started-at="2023-01-18T21:37:11 IST" name="openApp" finished-at="2023-01-18T21:37:49 IST" duration-ms="38276" status="PASS">
          <reporter-output>
          </reporter-output>
        </test-method> <!-- openApp -->
        <test-method signature="loginn()[pri:0, instance:sakshingpdemo.Tc_01@15aab8c6]" started-at="2023-01-18T21:37:49 IST" name="loginn" finished-at="2023-01-18T21:37:55 IST" duration-ms="6136" status="PASS">
          <reporter-output>
          </reporter-output>
        </test-method> <!-- loginn -->
        <test-method is-config="true" signature="closeApp(org.testng.ITestResult)[pri:0, instance:sakshingpdemo.Tc_01@15aab8c6]" started-at="2023-01-18T21:37:56 IST" name="closeApp" finished-at="2023-01-18T21:37:57 IST" duration-ms="1464" status="PASS">
          <params>
            <param index="0">
              <value>
                <![CDATA[[TestResult name=loginn status=SUCCESS method=Tc_01.loginn()[pri:0, instance:sakshingpdemo.Tc_01@15aab8c6] output={null}]]]>
              </value>
            </param>
          </params>
          <reporter-output>
          </reporter-output>
        </test-method> <!-- closeApp -->
      </class> <!-- sakshingpdemo.Tc_01 -->
    </test> <!-- Default test -->
  </suite> <!-- Default suite -->
</testng-results>
